0 verbose cli /opt/homebrew/Cellar/node/25.2.1/bin/node /opt/homebrew/bin/npm
1 info using npm@11.6.2
2 info using node@v25.2.1
3 silly config load:file:/opt/homebrew/lib/node_modules/npm/npmrc
4 silly config load:file:/Users/walidboudarra/Desktop/.npmrc
5 silly config load:file:/Users/walidboudarra/.npmrc
6 silly config load:file:/Users/walidboudarra/.npm-global/etc/npmrc
7 verbose title npm init
8 verbose argv "init" "--yes"
9 verbose logfile logs-max:10 dir:/Users/walidboudarra/Desktop/marsamaroc-/backend/.npm-local/_logs/2026-04-02T13_40_03_630Z-
10 verbose logfile /Users/walidboudarra/Desktop/marsamaroc-/backend/.npm-local/_logs/2026-04-02T13_40_03_630Z-debug-0.log
11 silly logfile done cleaning log files
12 silly package data {
12 silly package data   name: 'backend',
12 silly package data   version: '1.0.0',
12 silly package data   description: '',
12 silly package data   main: 'index.js',
12 silly package data   scripts: { test: 'echo "Error: no test specified" && exit 1' },
12 silly package data   keywords: [],
12 silly package data   author: '',
12 silly package data   license: 'ISC',
12 silly package data   type: 'commonjs'
12 silly package data }
13 verbose cwd /Users/walidboudarra/Desktop/marsamaroc-/backend
14 verbose os Darwin 25.1.0
15 verbose node v25.2.1
16 verbose npm  v11.6.2
17 verbose exit 0
18 info ok
